This is pdfTeX, Version 3.14159265-2.6-1.40.16 (TeX Live 2015/Debian) (preloaded format=pdflatex 2016.5.11)  13 SEP 2016 15:04
entering extended mode
 restricted \write18 enabled.
 %&-line parsing enabled.
**/home/nishtala/Dropbox/UPC/PhD-Thesis/comments/thumbs-example
(/home/nishtala/Dropbox/UPC/PhD-Thesis/comments/thumbs-example.tex
LaTeX2e <2016/02/01>
Babel <3.9q> and hyphenation patterns for 81 language(s) loaded.
(/usr/share/texlive/texmf-dist/tex/latex/base/article.cls
Document Class: article 2014/09/29 v1.4h Standard LaTeX document class
(/usr/share/texlive/texmf-dist/tex/latex/base/size10.clo
File: size10.clo 2014/09/29 v1.4h Standard LaTeX file (size option)
)
\c@part=\count79
\c@section=\count80
\c@subsection=\count81
\c@subsubsection=\count82
\c@paragraph=\count83
\c@subparagraph=\count84
\c@figure=\count85
\c@table=\count86
\abovecaptionskip=\skip41
\belowcaptionskip=\skip42
\bibindent=\dimen102
) (/usr/share/texlive/texmf-dist/tex/latex/lipsum/lipsum.sty
Package: lipsum 2014/07/27 v1.3 150 paragraphs of Lorem Ipsum dummy text
\c@lips@count=\count87
) (/usr/share/texlive/texmf-dist/tex/latex/eurosym/eurosym.sty
Package: eurosym 1998/08/06 v1.1 European currency symbol ``Euro''
\@eurobox=\box26
) (/usr/share/texlive/texmf-dist/tex/latex/hyperref/hyperref.sty
Package: hyperref 2012/11/06 v6.83m Hypertext links for LaTeX
(/usr/share/texlive/texmf-dist/tex/generic/oberdiek/hobsub-hyperref.sty
Package: hobsub-hyperref 2012/05/28 v1.13 Bundle oberdiek, subset hyperref (HO)

(/usr/share/texlive/texmf-dist/tex/generic/oberdiek/hobsub-generic.sty
Package: hobsub-generic 2012/05/28 v1.13 Bundle oberdiek, subset generic (HO)
Package: hobsub 2012/05/28 v1.13 Construct package bundles (HO)
Package: infwarerr 2010/04/08 v1.3 Providing info/warning/error messages (HO)
Package: ltxcmds 2011/11/09 v1.22 LaTeX kernel commands for general use (HO)
Package: ifluatex 2010/03/01 v1.3 Provides the ifluatex switch (HO)
Package ifluatex Info: LuaTeX not detected.
Package: ifvtex 2010/03/01 v1.5 Detect VTeX and its facilities (HO)
Package ifvtex Info: VTeX not detected.
Package: intcalc 2007/09/27 v1.1 Expandable calculations with integers (HO)
Package: ifpdf 2011/01/30 v2.3 Provides the ifpdf switch (HO)
Package ifpdf Info: pdfTeX in PDF mode is detected.
Package: etexcmds 2011/02/16 v1.5 Avoid name clashes with e-TeX commands (HO)
Package etexcmds Info: Could not find \expanded.
(etexcmds)             That can mean that you are not using pdfTeX 1.50 or
(etexcmds)             that some package has redefined \expanded.
(etexcmds)             In the latter case, load this package earlier.
Package: kvsetkeys 2012/04/25 v1.16 Key value parser (HO)
Package: kvdefinekeys 2011/04/07 v1.3 Define keys (HO)
Package: pdftexcmds 2011/11/29 v0.20 Utility functions of pdfTeX for LuaTeX (HO
)
Package pdftexcmds Info: LuaTeX not detected.
Package pdftexcmds Info: \pdf@primitive is available.
Package pdftexcmds Info: \pdf@ifprimitive is available.
Package pdftexcmds Info: \pdfdraftmode found.
Package: pdfescape 2011/11/25 v1.13 Implements pdfTeX's escape features (HO)
Package: bigintcalc 2012/04/08 v1.3 Expandable calculations on big integers (HO
)
Package: bitset 2011/01/30 v1.1 Handle bit-vector datatype (HO)
Package: uniquecounter 2011/01/30 v1.2 Provide unlimited unique counter (HO)
)
Package hobsub Info: Skipping package `hobsub' (already loaded).
Package: letltxmacro 2010/09/02 v1.4 Let assignment for LaTeX macros (HO)
Package: hopatch 2012/05/28 v1.2 Wrapper for package hooks (HO)
Package: xcolor-patch 2011/01/30 xcolor patch
Package: atveryend 2011/06/30 v1.8 Hooks at the very end of document (HO)
Package atveryend Info: \enddocument detected (standard20110627).
Package: atbegshi 2011/10/05 v1.16 At begin shipout hook (HO)
Package: refcount 2011/10/16 v3.4 Data extraction from label references (HO)
Package: hycolor 2011/01/30 v1.7 Color options for hyperref/bookmark (HO)
) (/usr/share/texlive/texmf-dist/tex/latex/graphics/keyval.sty
Package: keyval 2014/10/28 v1.15 key=value parser (DPC)
\KV@toks@=\toks14
) (/usr/share/texlive/texmf-dist/tex/generic/ifxetex/ifxetex.sty
Package: ifxetex 2010/09/12 v0.6 Provides ifxetex conditional
) (/usr/share/texlive/texmf-dist/tex/latex/oberdiek/auxhook.sty
Package: auxhook 2011/03/04 v1.3 Hooks for auxiliary files (HO)
) (/usr/share/texlive/texmf-dist/tex/latex/oberdiek/kvoptions.sty
Package: kvoptions 2011/06/30 v3.11 Key value format for package options (HO)
)
\@linkdim=\dimen103
\Hy@linkcounter=\count88
\Hy@pagecounter=\count89
(/usr/share/texlive/texmf-dist/tex/latex/hyperref/pd1enc.def
File: pd1enc.def 2012/11/06 v6.83m Hyperref: PDFDocEncoding definition (HO)
)
\Hy@SavedSpaceFactor=\count90
(/usr/share/texlive/texmf-dist/tex/latex/latexconfig/hyperref.cfg
File: hyperref.cfg 2002/06/06 v1.2 hyperref configuration of TeXLive
)
Package hyperref Info: Option `plainpages' set `false' on input line 4319.
Package hyperref Info: Option `pdfpagelabels' set `true' on input line 4319.
Package hyperref Info: Option `hyperindex' set `false' on input line 4319.
Package hyperref Info: Hyper figures OFF on input line 4443.
Package hyperref Info: Link nesting OFF on input line 4448.
Package hyperref Info: Hyper index OFF on input line 4453.
Package hyperref Info: Plain pages OFF on input line 4458.
Package hyperref Info: Backreferencing OFF on input line 4463.
Package hyperref Info: Implicit mode ON; LaTeX internals redefined.
Package hyperref Info: Bookmarks ON on input line 4688.
\c@Hy@tempcnt=\count91
(/usr/share/texlive/texmf-dist/tex/latex/url/url.sty
\Urlmuskip=\muskip10
Package: url 2013/09/16  ver 3.4  Verb mode for urls, etc.
)
LaTeX Info: Redefining \url on input line 5041.
\XeTeXLinkMargin=\dimen104
\Fld@menulength=\count92
\Field@Width=\dimen105
\Fld@charsize=\dimen106
Package hyperref Info: Hyper figures OFF on input line 6295.
Package hyperref Info: Link nesting OFF on input line 6300.
Package hyperref Info: Hyper index OFF on input line 6305.
Package hyperref Info: backreferencing OFF on input line 6310.
Package hyperref Info: Link coloring OFF on input line 6315.
Package hyperref Info: Link coloring with OCG OFF on input line 6320.
Package hyperref Info: PDF/A mode OFF on input line 6325.
LaTeX Info: Redefining \ref on input line 6365.
LaTeX Info: Redefining \pageref on input line 6369.
\Hy@abspage=\count93
\c@Item=\count94
\c@Hfootnote=\count95
)

Package hyperref Message: Driver (autodetected): hpdftex.

(/usr/share/texlive/texmf-dist/tex/latex/hyperref/hpdftex.def
File: hpdftex.def 2012/11/06 v6.83m Hyperref driver for pdfTeX
\Fld@listcount=\count96
\c@bookmark@seq@number=\count97
(/usr/share/texlive/texmf-dist/tex/latex/oberdiek/rerunfilecheck.sty
Package: rerunfilecheck 2011/04/15 v1.7 Rerun checks for auxiliary files (HO)
Package uniquecounter Info: New unique counter `rerunfilecheck' on input line 2
82.
)
\Hy@SectionHShift=\skip43
) (/usr/share/texlive/texmf-dist/tex/latex/thumbs/thumbs.sty
Package: thumbs 2014/03/09 v1.0q Thumb marks and overview page(s) (HMM)
(/usr/share/texlive/texmf-dist/tex/latex/xcolor/xcolor.sty
Package: xcolor 2007/01/21 v2.11 LaTeX color extensions (UK)
(/usr/share/texlive/texmf-dist/tex/latex/latexconfig/color.cfg
File: color.cfg 2007/01/18 v1.5 color configuration of teTeX/TeXLive
)
Package xcolor Info: Driver file: pdftex.def on input line 225.
(/usr/share/texlive/texmf-dist/tex/latex/pdftex-def/pdftex.def
File: pdftex.def 2011/05/27 v0.06d Graphics/color for pdfTeX
\Gread@gobject=\count98
)
Package xcolor Info: Model `cmy' substituted by `cmy0' on input line 1337.
Package xcolor Info: Model `hsb' substituted by `rgb' on input line 1341.
Package xcolor Info: Model `RGB' extended on input line 1353.
Package xcolor Info: Model `HTML' substituted by `rgb' on input line 1355.
Package xcolor Info: Model `Hsb' substituted by `hsb' on input line 1356.
Package xcolor Info: Model `tHsb' substituted by `hsb' on input line 1357.
Package xcolor Info: Model `HSB' substituted by `hsb' on input line 1358.
Package xcolor Info: Model `Gray' substituted by `gray' on input line 1359.
Package xcolor Info: Model `wave' substituted by `hsb' on input line 1360.
) (/usr/share/texlive/texmf-dist/tex/latex/oberdiek/picture.sty
Package: picture 2009/10/11 v1.3 Dimens for picture macros (HO)
Package picture Info: Calculation method: etex.
) (/usr/share/texlive/texmf-dist/tex/generic/oberdiek/alphalph.sty
Package: alphalph 2011/05/13 v2.4 Convert numbers to letters (HO)
) (/usr/share/texlive/texmf-dist/tex/latex/pageslts/pageslts.sty
Package: pageslts 2015/12/21 v1.2f Refers to special pages' numbers/names (HMM)

(/usr/share/texlive/texmf-dist/tex/latex/ms/everyshi.sty
Package: everyshi 2001/05/15 v3.00 EveryShipout Package (MS)
) (/usr/share/texlive/texmf-dist/tex/latex/undolabl/undolabl.sty
Package: undolabl 2015/03/29 v1.0l Overriding labels (HMM)
)
Package pageslts Info: Option pagecontinue enabled
(pageslts)             (maybe by default):
(pageslts)             The pageslts package will continue the page numbering,
(pageslts)             when the same page numbering scheme is used twice.
(pageslts)             If you do not want this, call pageslts with option
(pageslts)             pagecontinue=false (or use \setcounter{page}=1).
(pageslts)              on input line 179.
Package pageslts Info: Option romanMult enabled
(pageslts)             (maybe by default):
(pageslts)             The pageslts package will extend the page numbering
(pageslts)             of the roman scheme below i with
(pageslts)             0, -i, -ii, -iii, -iv,...
(pageslts)             If you do not want this, call pageslts with option
(pageslts)             romanMult=false.
(pageslts)              on input line 278.
Package pageslts Info: Option RomanMulti enabled
(pageslts)             (maybe by default):
(pageslts)             The pageslts package will extend the page numbering
(pageslts)             of the Roman scheme below I with
(pageslts)             0, -I, -II, -III, -IV,...
(pageslts)             If you do not want this, call pageslts with option
(pageslts)             RomanMulti=false.
(pageslts)              on input line 300.
Package pageslts Info: Option fnsymbolmult enabled
(pageslts)             (maybe by default):
(pageslts)             The pageslts package will extend the page numbering
(pageslts)             of the footnotesymbol scheme using the alphalph
(pageslts)             package.
(pageslts)             If you do not want this, call pageslts with option
(pageslts)             fnsymbolmult=false.
(pageslts)              on input line 322.
\c@CurrentPage=\count99
\c@pagesLTS.pagenr=\count100
\c@pagesLTS.current.local.0=\count101
\c@pagesLTS.pnc.0=\count102
) (/usr/share/texlive/texmf-dist/tex/latex/pagecolor/pagecolor.sty
Package: pagecolor 2015/06/20 v1.0h Provides thepagecolor (HMM)
)
\GPT@outputbox=\box27
Package thumbs Info: Option ignorehoffset NOT =false:
(thumbs)             hoffset will be ignored.
(thumbs)             To make thumbs regard hoffset use option
(thumbs)             ignorehoffset=false on input line 170.
Package thumbs Info: Option ignorevoffset NOT =false:
(thumbs)             voffset will be ignored.
(thumbs)             To make thumbs regard voffset use option
(thumbs)             ignorevoffset=false on input line 185.
\th@mbwidthx=\dimen107
\th@mbheighty=\dimen108
\th@mbposx=\dimen109
\th@mbposy=\dimen110
\th@mbposyA=\dimen111
\th@mbposyB=\dimen112
\th@mbposytop=\dimen113
\th@mbposybottom=\dimen114
\th@mbwidthxtoc=\dimen115
\th@mbwidthtmp=\dimen116
\th@mbsposytocy=\dimen117
\th@mbsposytocyy=\dimen118
\th@mbHitO=\dimen119
\th@mbHitE=\dimen120
\th@mbHimO=\dimen121
\th@mbHimE=\dimen122
\th@mbsdistance=\dimen123
\ThumbsBox=\box28
) (./thumbs-example.aux
\c@pagesLTS.arabic.1.local.cnt=\count103
)
\openout1 = `thumbs-example.aux'.

LaTeX Font Info:    Checking defaults for OML/cmm/m/it on input line 80.
LaTeX Font Info:    ... okay on input line 80.
LaTeX Font Info:    Checking defaults for T1/cmr/m/n on input line 80.
LaTeX Font Info:    ... okay on input line 80.
LaTeX Font Info:    Checking defaults for OT1/cmr/m/n on input line 80.
LaTeX Font Info:    ... okay on input line 80.
LaTeX Font Info:    Checking defaults for OMS/cmsy/m/n on input line 80.
LaTeX Font Info:    ... okay on input line 80.
LaTeX Font Info:    Checking defaults for OMX/cmex/m/n on input line 80.
LaTeX Font Info:    ... okay on input line 80.
LaTeX Font Info:    Checking defaults for U/cmr/m/n on input line 80.
LaTeX Font Info:    ... okay on input line 80.
LaTeX Font Info:    Checking defaults for PD1/pdf/m/n on input line 80.
LaTeX Font Info:    ... okay on input line 80.
\AtBeginShipoutBox=\box29
Package hyperref Info: Link coloring OFF on input line 80.
(/usr/share/texlive/texmf-dist/tex/latex/hyperref/nameref.sty
Package: nameref 2012/10/27 v2.43 Cross-referencing by name of section
(/usr/share/texlive/texmf-dist/tex/generic/oberdiek/gettitlestring.sty
Package: gettitlestring 2010/12/03 v1.4 Cleanup title references (HO)
)
\c@section@level=\count104
)
LaTeX Info: Redefining \ref on input line 80.
LaTeX Info: Redefining \pageref on input line 80.
LaTeX Info: Redefining \nameref on input line 80.
(./thumbs-example.out) (./thumbs-example.out)
\@outlinefile=\write3
\openout3 = `thumbs-example.out'.

(/usr/share/texlive/texmf-dist/tex/context/base/supp-pdf.mkii
[Loading MPS to PDF converter (version 2006.09.02).]
\scratchcounter=\count105
\scratchdimen=\dimen124
\scratchbox=\box30
\nofMPsegments=\count106
\nofMParguments=\count107
\everyMPshowfont=\toks15
\MPscratchCnt=\count108
\MPscratchDim=\dimen125
\MPnumerator=\count109
\makeMPintoPDFobject=\count110
\everyMPtoPDFconversion=\toks16
) ABD: EveryShipout initializing macros

Package thumbs Warning: Thumbs not high enough:
(thumbs)                Option height has value "auto". For 24 thumbs per page
(thumbs)                this results in a thumb height of 14.32726pt.
(thumbs)                This is lower than the minimal thumb height, 47pt,
(thumbs)                therefore another thumbs column will be opened.
(thumbs)                If you do not want this, choose a smaller value
(thumbs)                for option "minheight".

\@instreamthumb=\read1

Package thumbs Info: ************** THUMB dimensions **************.
Package thumbs Info: The height of the thumb marks is 47.0pt.
Package thumbs Info: The width of the thumb marks is 67.32375pt.
Package thumbs Info: The top thumb margin is 88.26999pt.
Package thumbs Info: The bottom thumb margin is 101.08107pt.
Package thumbs Info: **********************************************.

\c@pagesLTS.pnc.arabic=\count111
\c@pagesLTS.double.arabic=\count112
\c@pagesLTS.current.local.arabic=\count113
LaTeX Font Info:    Try loading font information for OMS+cmtt on input line 89.

LaTeX Font Info:    No file OMScmtt.fd. on input line 89.

LaTeX Font Warning: Font shape `OMS/cmtt/m/n' undefined
(Font)              using `OMS/cmsy/m/n' instead
(Font)              for symbol `textbraceleft' on input line 89.


Overfull \hbox (2.94357pt too wide) in paragraph at lines 86--95
\OT1/cmr/m/n/10 of 2012/02/25 (HMM). The used op-tions were \OT1/cmtt/m/n/10 th
umblink=rule\OT1/cmr/m/n/10 , \OT1/cmtt/m/n/10 linefill=dots\OT1/cmr/m/n/10 ,
 []


Underfull \hbox (badness 10000) in paragraph at lines 96--98

 []


Underfull \hbox (badness 10000) in paragraph at lines 99--102

 []

LaTeX Font Info:    External font `cmex10' loaded for size
(Font)              <7> on input line 105.
LaTeX Font Info:    External font `cmex10' loaded for size
(Font)              <5> on input line 105.

Underfull \hbox (badness 10000) in paragraph at lines 105--108

 []


Underfull \hbox (badness 10000) in paragraph at lines 114--115

 []

[1

{/home/nishtala/.texmf-var/fonts/map/pdftex/updmap/pdftex.map}] [2] (./thumbs-e
xample.toc)
\tf@toc=\write4
\openout4 = `thumbs-example.toc'.

[3]
Overfull \hbox (1.1379pt too wide) in paragraph at lines 163--165
\OT1/cmr/m/n/10 is used, where []\OT1/cmtt/m/n/10 \addthumbsoverviewtocontents 
\OT1/cmr/m/n/10 adds the thumb marks overview
 []

[4]
\c@th@mblinea=\count114
\c@th@mblineb=\count115
\c@FileLine=\count116
\c@thumbsstop=\count117

Package thumbs Info: Processing line 1 to 11 of thumbs-example.tmb.
Underfull \vbox (badness 10000) has occurred while \output is active []

THUMBS: Processing thumbs-example.tmb line 1. Executing thumbs-example.tmb line
 1.
THUMBS: Processing thumbs-example.tmb line 2. Executing thumbs-example.tmb line
 2.
LaTeX Font Info:    External font `cmex10' loaded for size
(Font)              <24.88> on input line 179.
LaTeX Font Info:    External font `cmex10' loaded for size
(Font)              <20.74> on input line 179.
LaTeX Font Info:    External font `cmex10' loaded for size
(Font)              <17.28> on input line 179.
THUMBS: Processing thumbs-example.tmb line 3. Executing thumbs-example.tmb line
 3.
THUMBS: Processing thumbs-example.tmb line 4. Executing thumbs-example.tmb line
 4.
THUMBS: Processing thumbs-example.tmb line 5. Executing thumbs-example.tmb line
 5.
THUMBS: Processing thumbs-example.tmb line 6. Executing thumbs-example.tmb line
 6.
THUMBS: Processing thumbs-example.tmb line 7. Executing thumbs-example.tmb line
 7.
THUMBS: Processing thumbs-example.tmb line 8. Executing thumbs-example.tmb line
 8.
THUMBS: Processing thumbs-example.tmb line 9. Executing thumbs-example.tmb line
 9.
THUMBS: Processing thumbs-example.tmb line 10. Executing thumbs-example.tmb lin
e 10.
THUMBS: Processing thumbs-example.tmb line 11. Executing thumbs-example.tmb lin
e 11.
[5


] THUMBS: Fileline: 12, a: 12, b: 22, per page: 11, max: 24.
[6

] 
Package thumbs Info: Processing line 12 to 22 of thumbs-example.tmb.
Underfull \vbox (badness 10000) has occurred while \output is active []

THUMBS: Processing thumbs-example.tmb line 1. Can be skipped.
THUMBS: Processing thumbs-example.tmb line 2. Can be skipped.
THUMBS: Processing thumbs-example.tmb line 3. Can be skipped.
THUMBS: Processing thumbs-example.tmb line 4. Can be skipped.
THUMBS: Processing thumbs-example.tmb line 5. Can be skipped.
THUMBS: Processing thumbs-example.tmb line 6. Can be skipped.
THUMBS: Processing thumbs-example.tmb line 7. Can be skipped.
THUMBS: Processing thumbs-example.tmb line 8. Can be skipped.
THUMBS: Processing thumbs-example.tmb line 9. Can be skipped.
THUMBS: Processing thumbs-example.tmb line 10. Can be skipped.
THUMBS: Processing thumbs-example.tmb line 11. Can be skipped.
THUMBS: Processing thumbs-example.tmb line 12. Executing thumbs-example.tmb lin
e 12.
THUMBS: Processing thumbs-example.tmb line 13. Executing thumbs-example.tmb lin
e 13.
THUMBS: Processing thumbs-example.tmb line 14. Executing thumbs-example.tmb lin
e 14.
THUMBS: Processing thumbs-example.tmb line 15. Executing thumbs-example.tmb lin
e 15.
THUMBS: Processing thumbs-example.tmb line 16. Executing thumbs-example.tmb lin
e 16.
THUMBS: Processing thumbs-example.tmb line 17. Executing thumbs-example.tmb lin
e 17.
THUMBS: Processing thumbs-example.tmb line 18. Executing thumbs-example.tmb lin
e 18.
THUMBS: Processing thumbs-example.tmb line 19. Executing thumbs-example.tmb lin
e 19.
THUMBS: Processing thumbs-example.tmb line 20. Executing thumbs-example.tmb lin
e 20.
THUMBS: Processing thumbs-example.tmb line 21. Executing thumbs-example.tmb lin
e 21.
THUMBS: Processing thumbs-example.tmb line 22. Executing thumbs-example.tmb lin
e 22.
[7] THUMBS: Fileline: 23, a: 23, b: 24, per page: 11, max: 24.
[8

] 
Package thumbs Info: Processing line 23 to 24 of thumbs-example.tmb.
Underfull \vbox (badness 10000) has occurred while \output is active []

THUMBS: Processing thumbs-example.tmb line 1. Can be skipped.
THUMBS: Processing thumbs-example.tmb line 2. Can be skipped.
THUMBS: Processing thumbs-example.tmb line 3. Can be skipped.
THUMBS: Processing thumbs-example.tmb line 4. Can be skipped.
THUMBS: Processing thumbs-example.tmb line 5. Can be skipped.
THUMBS: Processing thumbs-example.tmb line 6. Can be skipped.
THUMBS: Processing thumbs-example.tmb line 7. Can be skipped.
THUMBS: Processing thumbs-example.tmb line 8. Can be skipped.
THUMBS: Processing thumbs-example.tmb line 9. Can be skipped.
THUMBS: Processing thumbs-example.tmb line 10. Can be skipped.
THUMBS: Processing thumbs-example.tmb line 11. Can be skipped.
THUMBS: Processing thumbs-example.tmb line 12. Can be skipped.
THUMBS: Processing thumbs-example.tmb line 13. Can be skipped.
THUMBS: Processing thumbs-example.tmb line 14. Can be skipped.
THUMBS: Processing thumbs-example.tmb line 15. Can be skipped.
THUMBS: Processing thumbs-example.tmb line 16. Can be skipped.
THUMBS: Processing thumbs-example.tmb line 17. Can be skipped.
THUMBS: Processing thumbs-example.tmb line 18. Can be skipped.
THUMBS: Processing thumbs-example.tmb line 19. Can be skipped.
THUMBS: Processing thumbs-example.tmb line 20. Can be skipped.
THUMBS: Processing thumbs-example.tmb line 21. Can be skipped.
THUMBS: Processing thumbs-example.tmb line 22. Can be skipped.
THUMBS: Processing thumbs-example.tmb line 23. Executing thumbs-example.tmb lin
e 23.
THUMBS: Processing thumbs-example.tmb line 24. Executing thumbs-example.tmb lin
e 24.
[9] THUMBS: Fileline: 25, a: 34, b: 24, per page: 11, max: 24.
[10]
Overfull \hbox (69.74638pt too wide) in paragraph at lines 190--190
[]\OT1/cmtt/m/n/10 \addthumb{First section}{\space\Huge{\textbf{$1^ \textrm{st}
$}}}{yellow}{green}[] 
 []


Underfull \hbox (badness 10000) in paragraph at lines 192--196

 []

[11] [12] [13] [14]
Underfull \hbox (badness 10000) in paragraph at lines 214--215

 []

[15] [16] [17] [18] [19] [20] [21] [22] [23]

Package thumbs Warning: Thumb mark too small (width: 67.32375pt)
(thumbs)                or its text too wide (width: 109.63354pt)
(thumbs)                 on input line 280.


Package thumbs Warning: More than one thumb at one page:
(thumbs)                You placed more than one thumb mark (at least 2)
(thumbs)                on page 24 (page is approximately).
(thumbs)                Maybe insert a page break?
(thumbs)                 on input line 280.


Package thumbs Warning: Thumb mark too small (width: 67.32375pt)
(thumbs)                or its text too wide (width: 109.63354pt)
(thumbs)                 on input line 291.


Package thumbs Warning: More than one thumb at one page:
(thumbs)                You placed more than one thumb mark (at least 3)
(thumbs)                on page 24 (page is approximately).
(thumbs)                Maybe insert a page break?
(thumbs)                 on input line 291.


Package thumbs Warning: More than one thumb at one page:
(thumbs)                You placed more than one thumb mark (at least 4)
(thumbs)                on page 24 (page is approximately).
(thumbs)                Maybe insert a page break?
(thumbs)                 on input line 293.


Overfull \hbox (42.93237pt too wide) has occurred while \output is active
[]|  \OT1/cmr/m/n/24.88 Huge Text[] 
 []


Overfull \hbox (2.14822pt too wide) has occurred while \output is active
[]|  \OT1/cmr/bx/n/24.88 HBT[] 
 []

[24] [25]
Overfull \hbox (2.14822pt too wide) has occurred while \output is active
[]|  \OT1/cmr/bx/n/24.88 HBT[] 
 []

[26] [27]

Package thumbs Warning: Thumb mark too small (width: 67.32375pt)
(thumbs)                or its text too wide (width: 79.40962pt)
(thumbs)                 on input line 314.


Overfull \hbox (15.30809pt too wide) has occurred while \output is active
[]|  \OT1/cmr/bx/n/24.88 xcolor[] 
 []

[28] [29]
Package thumbs Info: Thumbs column full, starting another column.
(thumbs)              on input line 336.
[30] [31] [32] [33] [34

]

Package undolabl Warning: Label `TableOfThumbs' overridden on input line 365.


Package thumbs Info: Processing line 1 to 11 of thumbs-example.tmb.
Underfull \vbox (badness 10000) has occurred while \output is active []

THUMBS: Processing thumbs-example.tmb line 1. Executing thumbs-example.tmb line
 1.
THUMBS: Processing thumbs-example.tmb line 2. Executing thumbs-example.tmb line
 2.
THUMBS: Processing thumbs-example.tmb line 3. Executing thumbs-example.tmb line
 3.
THUMBS: Processing thumbs-example.tmb line 4. Executing thumbs-example.tmb line
 4.
THUMBS: Processing thumbs-example.tmb line 5. Executing thumbs-example.tmb line
 5.
THUMBS: Processing thumbs-example.tmb line 6. Executing thumbs-example.tmb line
 6.
THUMBS: Processing thumbs-example.tmb line 7. Executing thumbs-example.tmb line
 7.
THUMBS: Processing thumbs-example.tmb line 8. Executing thumbs-example.tmb line
 8.
THUMBS: Processing thumbs-example.tmb line 9. Executing thumbs-example.tmb line
 9.
THUMBS: Processing thumbs-example.tmb line 10. Executing thumbs-example.tmb lin
e 10.
THUMBS: Processing thumbs-example.tmb line 11. Executing thumbs-example.tmb lin
e 11.
[35

] THUMBS: Fileline: 12, a: 12, b: 22, per page: 11, max: 24.

Package thumbs Info: Processing line 1 to 11 of thumbs-example.tmb.
Underfull \vbox (badness 10000) has occurred while \output is active []

THUMBS: Processing thumbs-example.tmb line 1. Executing thumbs-example.tmb line
 1.
THUMBS: Processing thumbs-example.tmb line 2. Executing thumbs-example.tmb line
 2.
THUMBS: Processing thumbs-example.tmb line 3. Executing thumbs-example.tmb line
 3.
THUMBS: Processing thumbs-example.tmb line 4. Executing thumbs-example.tmb line
 4.
THUMBS: Processing thumbs-example.tmb line 5. Executing thumbs-example.tmb line
 5.
THUMBS: Processing thumbs-example.tmb line 6. Executing thumbs-example.tmb line
 6.
THUMBS: Processing thumbs-example.tmb line 7. Executing thumbs-example.tmb line
 7.
THUMBS: Processing thumbs-example.tmb line 8. Executing thumbs-example.tmb line
 8.

Overfull \hbox (42.93237pt too wide) has occurred while \output is active
[]|  \OT1/cmr/m/n/24.88 Huge Text[] 
 []

THUMBS: Processing thumbs-example.tmb line 9. Executing thumbs-example.tmb line
 9.

Overfull \hbox (2.14822pt too wide) has occurred while \output is active
[]|  \OT1/cmr/bx/n/24.88 HBT[] 
 []

THUMBS: Processing thumbs-example.tmb line 10. Executing thumbs-example.tmb lin
e 10.

Overfull \hbox (15.30809pt too wide) has occurred while \output is active
[]|  \OT1/cmr/bx/n/24.88 xcolor[] 
 []

THUMBS: Processing thumbs-example.tmb line 11. Executing thumbs-example.tmb lin
e 11.
[36

] THUMBS: Fileline: 12, a: 12, b: 22, per page: 11, max: 24.

Package thumbs Info: Processing line 12 to 22 of thumbs-example.tmb.
Underfull \vbox (badness 10000) has occurred while \output is active []

THUMBS: Processing thumbs-example.tmb line 1. Can be skipped.
THUMBS: Processing thumbs-example.tmb line 2. Can be skipped.
THUMBS: Processing thumbs-example.tmb line 3. Can be skipped.
THUMBS: Processing thumbs-example.tmb line 4. Can be skipped.
THUMBS: Processing thumbs-example.tmb line 5. Can be skipped.
THUMBS: Processing thumbs-example.tmb line 6. Can be skipped.
THUMBS: Processing thumbs-example.tmb line 7. Can be skipped.
THUMBS: Processing thumbs-example.tmb line 8. Can be skipped.
THUMBS: Processing thumbs-example.tmb line 9. Can be skipped.
THUMBS: Processing thumbs-example.tmb line 10. Can be skipped.
THUMBS: Processing thumbs-example.tmb line 11. Can be skipped.
THUMBS: Processing thumbs-example.tmb line 12. Executing thumbs-example.tmb lin
e 12.
THUMBS: Processing thumbs-example.tmb line 13. Executing thumbs-example.tmb lin
e 13.
THUMBS: Processing thumbs-example.tmb line 14. Executing thumbs-example.tmb lin
e 14.
THUMBS: Processing thumbs-example.tmb line 15. Executing thumbs-example.tmb lin
e 15.
THUMBS: Processing thumbs-example.tmb line 16. Executing thumbs-example.tmb lin
e 16.
THUMBS: Processing thumbs-example.tmb line 17. Executing thumbs-example.tmb lin
e 17.
THUMBS: Processing thumbs-example.tmb line 18. Executing thumbs-example.tmb lin
e 18.
THUMBS: Processing thumbs-example.tmb line 19. Executing thumbs-example.tmb lin
e 19.
THUMBS: Processing thumbs-example.tmb line 20. Executing thumbs-example.tmb lin
e 20.
THUMBS: Processing thumbs-example.tmb line 21. Executing thumbs-example.tmb lin
e 21.
THUMBS: Processing thumbs-example.tmb line 22. Executing thumbs-example.tmb lin
e 22.
[37

] THUMBS: Fileline: 23, a: 23, b: 24, per page: 11, max: 24.

Package thumbs Info: Processing line 12 to 22 of thumbs-example.tmb.
Underfull \vbox (badness 10000) has occurred while \output is active []

THUMBS: Processing thumbs-example.tmb line 1. Can be skipped.
THUMBS: Processing thumbs-example.tmb line 2. Can be skipped.
THUMBS: Processing thumbs-example.tmb line 3. Can be skipped.
THUMBS: Processing thumbs-example.tmb line 4. Can be skipped.
THUMBS: Processing thumbs-example.tmb line 5. Can be skipped.
THUMBS: Processing thumbs-example.tmb line 6. Can be skipped.
THUMBS: Processing thumbs-example.tmb line 7. Can be skipped.
THUMBS: Processing thumbs-example.tmb line 8. Can be skipped.
THUMBS: Processing thumbs-example.tmb line 9. Can be skipped.
THUMBS: Processing thumbs-example.tmb line 10. Can be skipped.
THUMBS: Processing thumbs-example.tmb line 11. Can be skipped.
THUMBS: Processing thumbs-example.tmb line 12. Executing thumbs-example.tmb lin
e 12.
THUMBS: Processing thumbs-example.tmb line 13. Executing thumbs-example.tmb lin
e 13.
THUMBS: Processing thumbs-example.tmb line 14. Executing thumbs-example.tmb lin
e 14.
THUMBS: Processing thumbs-example.tmb line 15. Executing thumbs-example.tmb lin
e 15.
THUMBS: Processing thumbs-example.tmb line 16. Executing thumbs-example.tmb lin
e 16.
THUMBS: Processing thumbs-example.tmb line 17. Executing thumbs-example.tmb lin
e 17.
THUMBS: Processing thumbs-example.tmb line 18. Executing thumbs-example.tmb lin
e 18.
THUMBS: Processing thumbs-example.tmb line 19. Executing thumbs-example.tmb lin
e 19.
THUMBS: Processing thumbs-example.tmb line 20. Executing thumbs-example.tmb lin
e 20.
THUMBS: Processing thumbs-example.tmb line 21. Executing thumbs-example.tmb lin
e 21.
THUMBS: Processing thumbs-example.tmb line 22. Executing thumbs-example.tmb lin
e 22.
[38

] THUMBS: Fileline: 23, a: 23, b: 24, per page: 11, max: 24.

Package thumbs Info: Processing line 23 to 24 of thumbs-example.tmb.
Underfull \vbox (badness 10000) has occurred while \output is active []

THUMBS: Processing thumbs-example.tmb line 1. Can be skipped.
THUMBS: Processing thumbs-example.tmb line 2. Can be skipped.
THUMBS: Processing thumbs-example.tmb line 3. Can be skipped.
THUMBS: Processing thumbs-example.tmb line 4. Can be skipped.
THUMBS: Processing thumbs-example.tmb line 5. Can be skipped.
THUMBS: Processing thumbs-example.tmb line 6. Can be skipped.
THUMBS: Processing thumbs-example.tmb line 7. Can be skipped.
THUMBS: Processing thumbs-example.tmb line 8. Can be skipped.
THUMBS: Processing thumbs-example.tmb line 9. Can be skipped.
THUMBS: Processing thumbs-example.tmb line 10. Can be skipped.
THUMBS: Processing thumbs-example.tmb line 11. Can be skipped.
THUMBS: Processing thumbs-example.tmb line 12. Can be skipped.
THUMBS: Processing thumbs-example.tmb line 13. Can be skipped.
THUMBS: Processing thumbs-example.tmb line 14. Can be skipped.
THUMBS: Processing thumbs-example.tmb line 15. Can be skipped.
THUMBS: Processing thumbs-example.tmb line 16. Can be skipped.
THUMBS: Processing thumbs-example.tmb line 17. Can be skipped.
THUMBS: Processing thumbs-example.tmb line 18. Can be skipped.
THUMBS: Processing thumbs-example.tmb line 19. Can be skipped.
THUMBS: Processing thumbs-example.tmb line 20. Can be skipped.
THUMBS: Processing thumbs-example.tmb line 21. Can be skipped.
THUMBS: Processing thumbs-example.tmb line 22. Can be skipped.
THUMBS: Processing thumbs-example.tmb line 23. Executing thumbs-example.tmb lin
e 23.
THUMBS: Processing thumbs-example.tmb line 24. Executing thumbs-example.tmb lin
e 24.
[39

] THUMBS: Fileline: 25, a: 34, b: 24, per page: 11, max: 24.

Package thumbs Info: Processing line 23 to 24 of thumbs-example.tmb.
Underfull \vbox (badness 10000) has occurred while \output is active []

THUMBS: Processing thumbs-example.tmb line 1. Can be skipped.
THUMBS: Processing thumbs-example.tmb line 2. Can be skipped.
THUMBS: Processing thumbs-example.tmb line 3. Can be skipped.
THUMBS: Processing thumbs-example.tmb line 4. Can be skipped.
THUMBS: Processing thumbs-example.tmb line 5. Can be skipped.
THUMBS: Processing thumbs-example.tmb line 6. Can be skipped.
THUMBS: Processing thumbs-example.tmb line 7. Can be skipped.
THUMBS: Processing thumbs-example.tmb line 8. Can be skipped.
THUMBS: Processing thumbs-example.tmb line 9. Can be skipped.
THUMBS: Processing thumbs-example.tmb line 10. Can be skipped.
THUMBS: Processing thumbs-example.tmb line 11. Can be skipped.
THUMBS: Processing thumbs-example.tmb line 12. Can be skipped.
THUMBS: Processing thumbs-example.tmb line 13. Can be skipped.
THUMBS: Processing thumbs-example.tmb line 14. Can be skipped.
THUMBS: Processing thumbs-example.tmb line 15. Can be skipped.
THUMBS: Processing thumbs-example.tmb line 16. Can be skipped.
THUMBS: Processing thumbs-example.tmb line 17. Can be skipped.
THUMBS: Processing thumbs-example.tmb line 18. Can be skipped.
THUMBS: Processing thumbs-example.tmb line 19. Can be skipped.
THUMBS: Processing thumbs-example.tmb line 20. Can be skipped.
THUMBS: Processing thumbs-example.tmb line 21. Can be skipped.
THUMBS: Processing thumbs-example.tmb line 22. Can be skipped.
THUMBS: Processing thumbs-example.tmb line 23. Executing thumbs-example.tmb lin
e 23.
THUMBS: Processing thumbs-example.tmb line 24. Executing thumbs-example.tmb lin
e 24.
[40

] THUMBS: Fileline: 25, a: 34, b: 24, per page: 11, max: 24.
[41]

Package undolabl Warning: Label `TableOfThumbs' overridden on input line 372.


Package thumbs Info: Processing line 1 to 11 of thumbs-example.tmb.
Underfull \vbox (badness 10000) has occurred while \output is active []

THUMBS: Processing thumbs-example.tmb line 1. Executing thumbs-example.tmb line
 1.
THUMBS: Processing thumbs-example.tmb line 2. Executing thumbs-example.tmb line
 2.
THUMBS: Processing thumbs-example.tmb line 3. Executing thumbs-example.tmb line
 3.
THUMBS: Processing thumbs-example.tmb line 4. Executing thumbs-example.tmb line
 4.
THUMBS: Processing thumbs-example.tmb line 5. Executing thumbs-example.tmb line
 5.
THUMBS: Processing thumbs-example.tmb line 6. Executing thumbs-example.tmb line
 6.
THUMBS: Processing thumbs-example.tmb line 7. Executing thumbs-example.tmb line
 7.
THUMBS: Processing thumbs-example.tmb line 8. Executing thumbs-example.tmb line
 8.

Overfull \hbox (42.93237pt too wide) has occurred while \output is active
[]|  \OT1/cmr/m/n/24.88 Huge Text[] 
 []

THUMBS: Processing thumbs-example.tmb line 9. Executing thumbs-example.tmb line
 9.

Overfull \hbox (2.14822pt too wide) has occurred while \output is active
[]|  \OT1/cmr/bx/n/24.88 HBT[] 
 []

THUMBS: Processing thumbs-example.tmb line 10. Executing thumbs-example.tmb lin
e 10.

Overfull \hbox (15.30809pt too wide) has occurred while \output is active
[]|  \OT1/cmr/bx/n/24.88 xcolor[] 
 []

THUMBS: Processing thumbs-example.tmb line 11. Executing thumbs-example.tmb lin
e 11.
[42


] THUMBS: Fileline: 12, a: 12, b: 22, per page: 11, max: 24.

Package thumbs Info: Processing line 1 to 11 of thumbs-example.tmb.
Underfull \vbox (badness 10000) has occurred while \output is active []

THUMBS: Processing thumbs-example.tmb line 1. Executing thumbs-example.tmb line
 1.
THUMBS: Processing thumbs-example.tmb line 2. Executing thumbs-example.tmb line
 2.
THUMBS: Processing thumbs-example.tmb line 3. Executing thumbs-example.tmb line
 3.
THUMBS: Processing thumbs-example.tmb line 4. Executing thumbs-example.tmb line
 4.
THUMBS: Processing thumbs-example.tmb line 5. Executing thumbs-example.tmb line
 5.
THUMBS: Processing thumbs-example.tmb line 6. Executing thumbs-example.tmb line
 6.
THUMBS: Processing thumbs-example.tmb line 7. Executing thumbs-example.tmb line
 7.
THUMBS: Processing thumbs-example.tmb line 8. Executing thumbs-example.tmb line
 8.
THUMBS: Processing thumbs-example.tmb line 9. Executing thumbs-example.tmb line
 9.
THUMBS: Processing thumbs-example.tmb line 10. Executing thumbs-example.tmb lin
e 10.
THUMBS: Processing thumbs-example.tmb line 11. Executing thumbs-example.tmb lin
e 11.
[43

] THUMBS: Fileline: 12, a: 12, b: 22, per page: 11, max: 24.

Package thumbs Info: Processing line 12 to 22 of thumbs-example.tmb.
Underfull \vbox (badness 10000) has occurred while \output is active []

THUMBS: Processing thumbs-example.tmb line 1. Can be skipped.
THUMBS: Processing thumbs-example.tmb line 2. Can be skipped.
THUMBS: Processing thumbs-example.tmb line 3. Can be skipped.
THUMBS: Processing thumbs-example.tmb line 4. Can be skipped.
THUMBS: Processing thumbs-example.tmb line 5. Can be skipped.
THUMBS: Processing thumbs-example.tmb line 6. Can be skipped.
THUMBS: Processing thumbs-example.tmb line 7. Can be skipped.
THUMBS: Processing thumbs-example.tmb line 8. Can be skipped.
THUMBS: Processing thumbs-example.tmb line 9. Can be skipped.
THUMBS: Processing thumbs-example.tmb line 10. Can be skipped.
THUMBS: Processing thumbs-example.tmb line 11. Can be skipped.
THUMBS: Processing thumbs-example.tmb line 12. Executing thumbs-example.tmb lin
e 12.
THUMBS: Processing thumbs-example.tmb line 13. Executing thumbs-example.tmb lin
e 13.
THUMBS: Processing thumbs-example.tmb line 14. Executing thumbs-example.tmb lin
e 14.
THUMBS: Processing thumbs-example.tmb line 15. Executing thumbs-example.tmb lin
e 15.
THUMBS: Processing thumbs-example.tmb line 16. Executing thumbs-example.tmb lin
e 16.
THUMBS: Processing thumbs-example.tmb line 17. Executing thumbs-example.tmb lin
e 17.
THUMBS: Processing thumbs-example.tmb line 18. Executing thumbs-example.tmb lin
e 18.
THUMBS: Processing thumbs-example.tmb line 19. Executing thumbs-example.tmb lin
e 19.
THUMBS: Processing thumbs-example.tmb line 20. Executing thumbs-example.tmb lin
e 20.
THUMBS: Processing thumbs-example.tmb line 21. Executing thumbs-example.tmb lin
e 21.
THUMBS: Processing thumbs-example.tmb line 22. Executing thumbs-example.tmb lin
e 22.
[44

] THUMBS: Fileline: 23, a: 23, b: 24, per page: 11, max: 24.

Package thumbs Info: Processing line 12 to 22 of thumbs-example.tmb.
Underfull \vbox (badness 10000) has occurred while \output is active []

THUMBS: Processing thumbs-example.tmb line 1. Can be skipped.
THUMBS: Processing thumbs-example.tmb line 2. Can be skipped.
THUMBS: Processing thumbs-example.tmb line 3. Can be skipped.
THUMBS: Processing thumbs-example.tmb line 4. Can be skipped.
THUMBS: Processing thumbs-example.tmb line 5. Can be skipped.
THUMBS: Processing thumbs-example.tmb line 6. Can be skipped.
THUMBS: Processing thumbs-example.tmb line 7. Can be skipped.
THUMBS: Processing thumbs-example.tmb line 8. Can be skipped.
THUMBS: Processing thumbs-example.tmb line 9. Can be skipped.
THUMBS: Processing thumbs-example.tmb line 10. Can be skipped.
THUMBS: Processing thumbs-example.tmb line 11. Can be skipped.
THUMBS: Processing thumbs-example.tmb line 12. Executing thumbs-example.tmb lin
e 12.
THUMBS: Processing thumbs-example.tmb line 13. Executing thumbs-example.tmb lin
e 13.
THUMBS: Processing thumbs-example.tmb line 14. Executing thumbs-example.tmb lin
e 14.
THUMBS: Processing thumbs-example.tmb line 15. Executing thumbs-example.tmb lin
e 15.
THUMBS: Processing thumbs-example.tmb line 16. Executing thumbs-example.tmb lin
e 16.
THUMBS: Processing thumbs-example.tmb line 17. Executing thumbs-example.tmb lin
e 17.
THUMBS: Processing thumbs-example.tmb line 18. Executing thumbs-example.tmb lin
e 18.
THUMBS: Processing thumbs-example.tmb line 19. Executing thumbs-example.tmb lin
e 19.
THUMBS: Processing thumbs-example.tmb line 20. Executing thumbs-example.tmb lin
e 20.
THUMBS: Processing thumbs-example.tmb line 21. Executing thumbs-example.tmb lin
e 21.
THUMBS: Processing thumbs-example.tmb line 22. Executing thumbs-example.tmb lin
e 22.
[45

] THUMBS: Fileline: 23, a: 23, b: 24, per page: 11, max: 24.

Package thumbs Info: Processing line 23 to 24 of thumbs-example.tmb.
Underfull \vbox (badness 10000) has occurred while \output is active []

THUMBS: Processing thumbs-example.tmb line 1. Can be skipped.
THUMBS: Processing thumbs-example.tmb line 2. Can be skipped.
THUMBS: Processing thumbs-example.tmb line 3. Can be skipped.
THUMBS: Processing thumbs-example.tmb line 4. Can be skipped.
THUMBS: Processing thumbs-example.tmb line 5. Can be skipped.
THUMBS: Processing thumbs-example.tmb line 6. Can be skipped.
THUMBS: Processing thumbs-example.tmb line 7. Can be skipped.
THUMBS: Processing thumbs-example.tmb line 8. Can be skipped.
THUMBS: Processing thumbs-example.tmb line 9. Can be skipped.
THUMBS: Processing thumbs-example.tmb line 10. Can be skipped.
THUMBS: Processing thumbs-example.tmb line 11. Can be skipped.
THUMBS: Processing thumbs-example.tmb line 12. Can be skipped.
THUMBS: Processing thumbs-example.tmb line 13. Can be skipped.
THUMBS: Processing thumbs-example.tmb line 14. Can be skipped.
THUMBS: Processing thumbs-example.tmb line 15. Can be skipped.
THUMBS: Processing thumbs-example.tmb line 16. Can be skipped.
THUMBS: Processing thumbs-example.tmb line 17. Can be skipped.
THUMBS: Processing thumbs-example.tmb line 18. Can be skipped.
THUMBS: Processing thumbs-example.tmb line 19. Can be skipped.
THUMBS: Processing thumbs-example.tmb line 20. Can be skipped.
THUMBS: Processing thumbs-example.tmb line 21. Can be skipped.
THUMBS: Processing thumbs-example.tmb line 22. Can be skipped.
THUMBS: Processing thumbs-example.tmb line 23. Executing thumbs-example.tmb lin
e 23.
THUMBS: Processing thumbs-example.tmb line 24. Executing thumbs-example.tmb lin
e 24.
[46

] THUMBS: Fileline: 25, a: 34, b: 24, per page: 11, max: 24.

Package thumbs Info: Processing line 23 to 24 of thumbs-example.tmb.
Underfull \vbox (badness 10000) has occurred while \output is active []

THUMBS: Processing thumbs-example.tmb line 1. Can be skipped.
THUMBS: Processing thumbs-example.tmb line 2. Can be skipped.
THUMBS: Processing thumbs-example.tmb line 3. Can be skipped.
THUMBS: Processing thumbs-example.tmb line 4. Can be skipped.
THUMBS: Processing thumbs-example.tmb line 5. Can be skipped.
THUMBS: Processing thumbs-example.tmb line 6. Can be skipped.
THUMBS: Processing thumbs-example.tmb line 7. Can be skipped.
THUMBS: Processing thumbs-example.tmb line 8. Can be skipped.
THUMBS: Processing thumbs-example.tmb line 9. Can be skipped.
THUMBS: Processing thumbs-example.tmb line 10. Can be skipped.
THUMBS: Processing thumbs-example.tmb line 11. Can be skipped.
THUMBS: Processing thumbs-example.tmb line 12. Can be skipped.
THUMBS: Processing thumbs-example.tmb line 13. Can be skipped.
THUMBS: Processing thumbs-example.tmb line 14. Can be skipped.
THUMBS: Processing thumbs-example.tmb line 15. Can be skipped.
THUMBS: Processing thumbs-example.tmb line 16. Can be skipped.
THUMBS: Processing thumbs-example.tmb line 17. Can be skipped.
THUMBS: Processing thumbs-example.tmb line 18. Can be skipped.
THUMBS: Processing thumbs-example.tmb line 19. Can be skipped.
THUMBS: Processing thumbs-example.tmb line 20. Can be skipped.
THUMBS: Processing thumbs-example.tmb line 21. Can be skipped.
THUMBS: Processing thumbs-example.tmb line 22. Can be skipped.
THUMBS: Processing thumbs-example.tmb line 23. Executing thumbs-example.tmb lin
e 23.
THUMBS: Processing thumbs-example.tmb line 24. Executing thumbs-example.tmb lin
e 24.
[47

] THUMBS: Fileline: 25, a: 34, b: 24, per page: 11, max: 24.
[48] [49]

Package thumbs Warning: Starting of another column requested by command
(thumbs)                \thumbnewcolumn. Only use this command directly
(thumbs)                before an \addthumb - did you?!
(thumbs)                 on input line 387.

Package thumbs Info: Thumbs column full, starting another column.
(thumbs)              on input line 388.
[50] [51] [52]
Overfull \hbox (18.66357pt too wide) in paragraph at lines 421--430
[]$\OT1/cmtt/m/n/10 http : / / groups . google . com / group / de . comp . text
 . tex / msg / b3aea4a60e1c3737$[]\OT1/cmr/m/n/10 ): 
 []

[53]
Underfull \hbox (badness 10000) in paragraph at lines 451--459

 []

[54] [55

]

Package undolabl Warning: Label `TableOfThumbs' overridden on input line 463.


Package thumbs Info: Processing line 1 to 11 of thumbs-example.tmb.
Underfull \vbox (badness 10000) has occurred while \output is active []

THUMBS: Processing thumbs-example.tmb line 1. Executing thumbs-example.tmb line
 1.
THUMBS: Processing thumbs-example.tmb line 2. Executing thumbs-example.tmb line
 2.
THUMBS: Processing thumbs-example.tmb line 3. Executing thumbs-example.tmb line
 3.
THUMBS: Processing thumbs-example.tmb line 4. Executing thumbs-example.tmb line
 4.
THUMBS: Processing thumbs-example.tmb line 5. Executing thumbs-example.tmb line
 5.
THUMBS: Processing thumbs-example.tmb line 6. Executing thumbs-example.tmb line
 6.
THUMBS: Processing thumbs-example.tmb line 7. Executing thumbs-example.tmb line
 7.
THUMBS: Processing thumbs-example.tmb line 8. Executing thumbs-example.tmb line
 8.

Overfull \hbox (42.93237pt too wide) has occurred while \output is active
[]|  \OT1/cmr/m/n/24.88 Huge Text[] 
 []

THUMBS: Processing thumbs-example.tmb line 9. Executing thumbs-example.tmb line
 9.

Overfull \hbox (2.14822pt too wide) has occurred while \output is active
[]|  \OT1/cmr/bx/n/24.88 HBT[] 
 []

THUMBS: Processing thumbs-example.tmb line 10. Executing thumbs-example.tmb lin
e 10.

Overfull \hbox (15.30809pt too wide) has occurred while \output is active
[]|  \OT1/cmr/bx/n/24.88 xcolor[] 
 []

THUMBS: Processing thumbs-example.tmb line 11. Executing thumbs-example.tmb lin
e 11.
[56

] THUMBS: Fileline: 12, a: 12, b: 22, per page: 11, max: 24.
[57

] 
Package thumbs Info: Processing line 12 to 22 of thumbs-example.tmb.
Underfull \vbox (badness 10000) has occurred while \output is active []

THUMBS: Processing thumbs-example.tmb line 1. Can be skipped.
THUMBS: Processing thumbs-example.tmb line 2. Can be skipped.
THUMBS: Processing thumbs-example.tmb line 3. Can be skipped.
THUMBS: Processing thumbs-example.tmb line 4. Can be skipped.
THUMBS: Processing thumbs-example.tmb line 5. Can be skipped.
THUMBS: Processing thumbs-example.tmb line 6. Can be skipped.
THUMBS: Processing thumbs-example.tmb line 7. Can be skipped.
THUMBS: Processing thumbs-example.tmb line 8. Can be skipped.
THUMBS: Processing thumbs-example.tmb line 9. Can be skipped.
THUMBS: Processing thumbs-example.tmb line 10. Can be skipped.
THUMBS: Processing thumbs-example.tmb line 11. Can be skipped.
THUMBS: Processing thumbs-example.tmb line 12. Executing thumbs-example.tmb lin
e 12.
THUMBS: Processing thumbs-example.tmb line 13. Executing thumbs-example.tmb lin
e 13.
THUMBS: Processing thumbs-example.tmb line 14. Executing thumbs-example.tmb lin
e 14.
THUMBS: Processing thumbs-example.tmb line 15. Executing thumbs-example.tmb lin
e 15.
THUMBS: Processing thumbs-example.tmb line 16. Executing thumbs-example.tmb lin
e 16.
THUMBS: Processing thumbs-example.tmb line 17. Executing thumbs-example.tmb lin
e 17.
THUMBS: Processing thumbs-example.tmb line 18. Executing thumbs-example.tmb lin
e 18.
THUMBS: Processing thumbs-example.tmb line 19. Executing thumbs-example.tmb lin
e 19.
THUMBS: Processing thumbs-example.tmb line 20. Executing thumbs-example.tmb lin
e 20.
THUMBS: Processing thumbs-example.tmb line 21. Executing thumbs-example.tmb lin
e 21.
THUMBS: Processing thumbs-example.tmb line 22. Executing thumbs-example.tmb lin
e 22.
[58] THUMBS: Fileline: 23, a: 23, b: 24, per page: 11, max: 24.
[59

] 
Package thumbs Info: Processing line 23 to 24 of thumbs-example.tmb.
Underfull \vbox (badness 10000) has occurred while \output is active []

THUMBS: Processing thumbs-example.tmb line 1. Can be skipped.
THUMBS: Processing thumbs-example.tmb line 2. Can be skipped.
THUMBS: Processing thumbs-example.tmb line 3. Can be skipped.
THUMBS: Processing thumbs-example.tmb line 4. Can be skipped.
THUMBS: Processing thumbs-example.tmb line 5. Can be skipped.
THUMBS: Processing thumbs-example.tmb line 6. Can be skipped.
THUMBS: Processing thumbs-example.tmb line 7. Can be skipped.
THUMBS: Processing thumbs-example.tmb line 8. Can be skipped.
THUMBS: Processing thumbs-example.tmb line 9. Can be skipped.
THUMBS: Processing thumbs-example.tmb line 10. Can be skipped.
THUMBS: Processing thumbs-example.tmb line 11. Can be skipped.
THUMBS: Processing thumbs-example.tmb line 12. Can be skipped.
THUMBS: Processing thumbs-example.tmb line 13. Can be skipped.
THUMBS: Processing thumbs-example.tmb line 14. Can be skipped.
THUMBS: Processing thumbs-example.tmb line 15. Can be skipped.
THUMBS: Processing thumbs-example.tmb line 16. Can be skipped.
THUMBS: Processing thumbs-example.tmb line 17. Can be skipped.
THUMBS: Processing thumbs-example.tmb line 18. Can be skipped.
THUMBS: Processing thumbs-example.tmb line 19. Can be skipped.
THUMBS: Processing thumbs-example.tmb line 20. Can be skipped.
THUMBS: Processing thumbs-example.tmb line 21. Can be skipped.
THUMBS: Processing thumbs-example.tmb line 22. Can be skipped.
THUMBS: Processing thumbs-example.tmb line 23. Executing thumbs-example.tmb lin
e 23.
THUMBS: Processing thumbs-example.tmb line 24. Executing thumbs-example.tmb lin
e 24.
[60] THUMBS: Fileline: 25, a: 34, b: 24, per page: 11, max: 24.

AED: pageslts setting LastPage 
[61]
Package atveryend Info: Empty hook `BeforeClearDocument' on input line 469.
Package atveryend Info: Executing hook `AfterLastShipout' on input line 469.
\c@pagesLTS.arabic.1.local.count=\count118

AED: pageslts setting VeryLastPage via AfterLastShipout 

AED: pageslts setting LastPages via AfterLastShipout 


Package pageslts Info: Total number of pages is odd.


\tf@tmb=\write5
\openout5 = `thumbs-example.tmb'.

(./thumbs-example.aux)
Package atveryend Info: Executing hook `AtVeryEndDocument' on input line 469.

 *File List*
 article.cls    2014/09/29 v1.4h Standard LaTeX document class
  size10.clo    2014/09/29 v1.4h Standard LaTeX file (size option)
  lipsum.sty    2014/07/27 v1.3 150 paragraphs of Lorem Ipsum dummy text
 eurosym.sty    1998/08/06 v1.1 European currency symbol ``Euro''
hyperref.sty    2012/11/06 v6.83m Hypertext links for LaTeX
hobsub-hyperref.sty    2012/05/28 v1.13 Bundle oberdiek, subset hyperref (HO)
hobsub-generic.sty    2012/05/28 v1.13 Bundle oberdiek, subset generic (HO)
  hobsub.sty    2012/05/28 v1.13 Construct package bundles (HO)
infwarerr.sty    2010/04/08 v1.3 Providing info/warning/error messages (HO)
 ltxcmds.sty    2011/11/09 v1.22 LaTeX kernel commands for general use (HO)
ifluatex.sty    2010/03/01 v1.3 Provides the ifluatex switch (HO)
  ifvtex.sty    2010/03/01 v1.5 Detect VTeX and its facilities (HO)
 intcalc.sty    2007/09/27 v1.1 Expandable calculations with integers (HO)
   ifpdf.sty    2011/01/30 v2.3 Provides the ifpdf switch (HO)
etexcmds.sty    2011/02/16 v1.5 Avoid name clashes with e-TeX commands (HO)
kvsetkeys.sty    2012/04/25 v1.16 Key value parser (HO)
kvdefinekeys.sty    2011/04/07 v1.3 Define keys (HO)
pdftexcmds.sty    2011/11/29 v0.20 Utility functions of pdfTeX for LuaTeX (HO)
pdfescape.sty    2011/11/25 v1.13 Implements pdfTeX's escape features (HO)
bigintcalc.sty    2012/04/08 v1.3 Expandable calculations on big integers (HO)
  bitset.sty    2011/01/30 v1.1 Handle bit-vector datatype (HO)
uniquecounter.sty    2011/01/30 v1.2 Provide unlimited unique counter (HO)
letltxmacro.sty    2010/09/02 v1.4 Let assignment for LaTeX macros (HO)
 hopatch.sty    2012/05/28 v1.2 Wrapper for package hooks (HO)
xcolor-patch.sty    2011/01/30 xcolor patch
atveryend.sty    2011/06/30 v1.8 Hooks at the very end of document (HO)
atbegshi.sty    2011/10/05 v1.16 At begin shipout hook (HO)
refcount.sty    2011/10/16 v3.4 Data extraction from label references (HO)
 hycolor.sty    2011/01/30 v1.7 Color options for hyperref/bookmark (HO)
  keyval.sty    2014/10/28 v1.15 key=value parser (DPC)
 ifxetex.sty    2010/09/12 v0.6 Provides ifxetex conditional
 auxhook.sty    2011/03/04 v1.3 Hooks for auxiliary files (HO)
kvoptions.sty    2011/06/30 v3.11 Key value format for package options (HO)
  pd1enc.def    2012/11/06 v6.83m Hyperref: PDFDocEncoding definition (HO)
hyperref.cfg    2002/06/06 v1.2 hyperref configuration of TeXLive
     url.sty    2013/09/16  ver 3.4  Verb mode for urls, etc.
 hpdftex.def    2012/11/06 v6.83m Hyperref driver for pdfTeX
rerunfilecheck.sty    2011/04/15 v1.7 Rerun checks for auxiliary files (HO)
  thumbs.sty    2014/03/09 v1.0q Thumb marks and overview page(s) (HMM)
  xcolor.sty    2007/01/21 v2.11 LaTeX color extensions (UK)
   color.cfg    2007/01/18 v1.5 color configuration of teTeX/TeXLive
  pdftex.def    2011/05/27 v0.06d Graphics/color for pdfTeX
 picture.sty    2009/10/11 v1.3 Dimens for picture macros (HO)
alphalph.sty    2011/05/13 v2.4 Convert numbers to letters (HO)
pageslts.sty    2015/12/21 v1.2f Refers to special pages' numbers/names (HMM)
everyshi.sty    2001/05/15 v3.00 EveryShipout Package (MS)
undolabl.sty    2015/03/29 v1.0l Overriding labels (HMM)
pagecolor.sty    2015/06/20 v1.0h Provides thepagecolor (HMM)
 nameref.sty    2012/10/27 v2.43 Cross-referencing by name of section
gettitlestring.sty    2010/12/03 v1.4 Cleanup title references (HO)
thumbs-example.out
thumbs-example.out
supp-pdf.mkii
 ***********

Package atveryend Info: Executing hook `AtEndAfterFileList' on input line 469.
Package rerunfilecheck Info: File `thumbs-example.out' has not changed.
(rerunfilecheck)             Checksum: B6BB4903D7FF34E1744EE6DF70F35C74;500.

Package thumbs Warning: Thumb mark too small or its text too wide:
(thumbs)                The widest thumb mark text is 109.63354pt wide,
(thumbs)                but the thumb marks are only  67.32375pt wide.
(thumbs)                Either shorten or scale down the text,
(thumbs)                or increase the thumb mark width,
(thumbs)                or use option width=autoauto.

Package rerunfilecheck Info: File `thumbs-example.tmb' has not changed.
(rerunfilecheck)             Checksum: 9CB643667AFE3A3A7CDF8628AAB60217;2467.

LaTeX Font Warning: Some font shapes were not available, defaults substituted.

Package atveryend Info: Empty hook `AtVeryVeryEnd' on input line 469.
 ) 
Here is how much of TeX's memory you used:
 6185 strings out of 493029
 90713 string characters out of 6136234
 309485 words of memory out of 5000000
 9593 multiletter control sequences out of 15000+600000
 8840 words of font info for 32 fonts, out of 8000000 for 9000
 1141 hyphenation exceptions out of 8191
 46i,13n,37p,328b,322s stack positions out of 5000i,500n,10000p,200000b,80000s
</usr/share/texlive/texmf-dist/fonts/type1/public/amsfonts/cm/cmbx10.pfb></us
r/share/texlive/texmf-dist/fonts/type1/public/amsfonts/cm/cmbx12.pfb></usr/shar
e/texlive/texmf-dist/fonts/type1/public/amsfonts/cm/cmcsc10.pfb></usr/share/tex
live/texmf-dist/fonts/type1/public/amsfonts/cm/cmmi10.pfb></usr/share/texlive/t
exmf-dist/fonts/type1/public/amsfonts/cm/cmmi7.pfb></usr/share/texlive/texmf-di
st/fonts/type1/public/amsfonts/cm/cmr10.pfb></usr/share/texlive/texmf-dist/font
s/type1/public/amsfonts/cm/cmr17.pfb></usr/share/texlive/texmf-dist/fonts/type1
/public/amsfonts/cm/cmr7.pfb></usr/share/texlive/texmf-dist/fonts/type1/public/
amsfonts/cm/cmss10.pfb></usr/share/texlive/texmf-dist/fonts/type1/public/amsfon
ts/cm/cmsy10.pfb></usr/share/texlive/texmf-dist/fonts/type1/public/amsfonts/cm/
cmti12.pfb></usr/share/texlive/texmf-dist/fonts/type1/public/amsfonts/cm/cmtt10
.pfb></usr/share/texlive/texmf-dist/fonts/type1/public/eurosym/feymr10.pfb>
Output written on thumbs-example.pdf (61 pages, 183233 bytes).
PDF statistics:
 537 PDF objects out of 1000 (max. 8388607)
 456 compressed objects within 5 object streams
 97 named destinations out of 1000 (max. 500000)
 73 words of extra memory for PDF output out of 10000 (max. 10000000)

